2024-11-08 09:11:02,040 [INFO] Activator:179 - 


2024-11-08 09:11:02,041 [INFO] Activator:180 - !SESSION log4j initialized
2024-11-08 09:11:14,358 [INFO] McuFinderGlobals:52 - Set McuFinder mode to 2 (CubeIDE integrated)
2024-11-08 09:11:14,777 [INFO] ApplicationProperties:181 - Using Application install path: C:\ST\STM32CubeIDE_1.11.0\STM32CubeIDE\plugins\com.st.stm32cube.common.mx_6.7.0.202211181646
2024-11-08 09:11:14,802 [INFO] DbMcusXml:77 - Set database path to: C:\ST\STM32CubeIDE_1.11.0\STM32CubeIDE\plugins\com.st.stm32cube.common.mx_6.7.0.202211181646\\db\/mcu/
2024-11-08 09:11:14,803 [INFO] ApiDb:273 - Set plugin database path to: C:\ST\STM32CubeIDE_1.11.0\STM32CubeIDE\plugins\com.st.stm32cube.common.mx_6.7.0.202211181646\\db\/plugins/boardmanager/
2024-11-08 09:11:14,805 [WARN] ApiDb:258 - Overriding images path with different value:  => C:\ST\STM32CubeIDE_1.11.0\STM32CubeIDE\plugins\com.st.stm32cube.common.mx_6.7.0.202211181646\\db\/plugins/mcufinder/images/
2024-11-08 09:11:14,827 [INFO] ApiDb:249 - Set database path to: C:\Users\Igor\.stmcufinder\plugins\mcufinder//mcu/
2024-11-08 09:11:14,828 [INFO] DbMcusAds:124 - Set database path to: C:\Users\Igor\.stmcufinder\plugins\mcufinder//mcu/
2024-11-08 09:11:14,832 [INFO] CrossReferenceDbSqlite:202 - Set database path to: C:\Users\Igor\.stmcufinder\plugins\mcufinder//mcu/cs/
2024-11-08 09:11:14,955 [INFO] RulesReader:61 - Compatibility file has been processed (283 Rules)
2024-11-08 09:11:15,058 [INFO] DbMcusXml:77 - Set database path to: C:\ST\STM32CubeIDE_1.11.0\STM32CubeIDE\plugins\com.st.stm32cube.common.mx_6.7.0.202211181646\\db\/mcu/
2024-11-08 09:11:15,058 [INFO] ApiDb:273 - Set plugin database path to: C:\ST\STM32CubeIDE_1.11.0\STM32CubeIDE\plugins\com.st.stm32cube.common.mx_6.7.0.202211181646\\db\/plugins/boardmanager/
2024-11-08 09:11:15,058 [INFO] ApiDb:260 - Set plugin images path to: C:\ST\STM32CubeIDE_1.11.0\STM32CubeIDE\plugins\com.st.stm32cube.common.mx_6.7.0.202211181646\\db\/plugins/mcufinder/images/
2024-11-08 09:11:15,059 [WARN] DbFile:40 - Overriding database path with different value: C:\Users\Igor\.stmcufinder\plugins\mcufinder/ => C:\Users\Igor\.stmcufinder\plugins\mcufinder
2024-11-08 09:11:15,059 [INFO] ApiDb:249 - Set database path to: C:\Users\Igor\.stmcufinder\plugins\mcufinder//mcu/
2024-11-08 09:11:15,059 [WARN] DbFile:40 - Overriding database path with different value: C:\Users\Igor\.stmcufinder\plugins\mcufinder/ => C:\Users\Igor\.stmcufinder\plugins\mcufinder
2024-11-08 09:11:15,059 [INFO] DbMcusAds:124 - Set database path to: C:\Users\Igor\.stmcufinder\plugins\mcufinder//mcu/
2024-11-08 09:11:15,060 [WARN] DbFile:40 - Overriding database path with different value: C:\Users\Igor\.stmcufinder\plugins\mcufinder/ => C:\Users\Igor\.stmcufinder\plugins\mcufinder
2024-11-08 09:11:15,060 [WARN] DbFile:40 - Overriding database path with different value: C:\Users\Igor\.stmcufinder\plugins\mcufinder/ => C:\Users\Igor\.stmcufinder\plugins\mcufinder
2024-11-08 09:11:15,060 [INFO] CrossReferenceDbSqlite:202 - Set database path to: C:\Users\Igor\.stmcufinder\plugins\mcufinder//mcu/cs/
2024-11-08 09:11:15,151 [INFO] MainPanel:252 - HeapMemory: 268435456
2024-11-08 09:11:15,269 [INFO] DbMcusXml:77 - Set database path to: C:\ST\STM32CubeIDE_1.11.0\STM32CubeIDE\plugins\com.st.stm32cube.common.mx_6.7.0.202211181646\\db\/mcu/
2024-11-08 09:11:15,269 [INFO] ApiDb:273 - Set plugin database path to: C:\ST\STM32CubeIDE_1.11.0\STM32CubeIDE\plugins\com.st.stm32cube.common.mx_6.7.0.202211181646\\db\/plugins/boardmanager/
2024-11-08 09:11:15,269 [INFO] ApiDb:260 - Set plugin images path to: C:\ST\STM32CubeIDE_1.11.0\STM32CubeIDE\plugins\com.st.stm32cube.common.mx_6.7.0.202211181646\\db\/plugins/mcufinder/images/
2024-11-08 09:11:15,270 [WARN] DbFile:40 - Overriding database path with different value: C:\Users\Igor\.stmcufinder\plugins\mcufinder/ => C:\Users\Igor\.stmcufinder\plugins\mcufinder
2024-11-08 09:11:15,270 [INFO] ApiDb:249 - Set database path to: C:\Users\Igor\.stmcufinder\plugins\mcufinder//mcu/
2024-11-08 09:11:15,270 [WARN] DbFile:40 - Overriding database path with different value: C:\Users\Igor\.stmcufinder\plugins\mcufinder/ => C:\Users\Igor\.stmcufinder\plugins\mcufinder
2024-11-08 09:11:15,270 [INFO] DbMcusAds:124 - Set database path to: C:\Users\Igor\.stmcufinder\plugins\mcufinder//mcu/
2024-11-08 09:11:15,270 [WARN] DbFile:40 - Overriding database path with different value: C:\Users\Igor\.stmcufinder\plugins\mcufinder/ => C:\Users\Igor\.stmcufinder\plugins\mcufinder
2024-11-08 09:11:15,271 [WARN] DbFile:40 - Overriding database path with different value: C:\Users\Igor\.stmcufinder\plugins\mcufinder/ => C:\Users\Igor\.stmcufinder\plugins\mcufinder
2024-11-08 09:11:15,272 [INFO] CrossReferenceDbSqlite:202 - Set database path to: C:\Users\Igor\.stmcufinder\plugins\mcufinder//mcu/cs/
2024-11-08 09:11:15,295 [INFO] ApplicationProperties:181 - Using Application install path: C:\ST\STM32CubeIDE_1.11.0\STM32CubeIDE\plugins\com.st.stm32cube.common.mx_6.7.0.202211181646
2024-11-08 09:11:15,297 [INFO] PluginManage:193 - Search for loadable plugins [exclusion list=, ]
2024-11-08 09:11:15,299 [INFO] PluginManage:307 - Check plugin analytics
2024-11-08 09:11:15,482 [INFO] AnalyticsPlugin:262 - Accepted Software Licenses: STM32CubeMX.6.12.1
2024-11-08 09:11:15,482 [INFO] AnalyticsPlugin:264 - Accepted CMSIS Pack Licenses: wolfSSL.I-CUBE-wolfSSL.5.7.2
2024-11-08 09:11:15,482 [INFO] AnalyticsPlugin:266 - Accepted Firmware Licenses: FW.F4.1.28.0
2024-11-08 09:11:15,490 [INFO] PluginManage:356 - Loaded plugin analytics (category:tool,tabindex:-1)
2024-11-08 09:11:15,491 [INFO] PluginManage:307 - Check plugin cadmodel
2024-11-08 09:11:15,500 [INFO] CADModel:104 - Init CAD model plugin
2024-11-08 09:11:15,500 [INFO] PluginManage:356 - Loaded plugin cadmodel (category:power,tabindex:5)
2024-11-08 09:11:15,500 [INFO] PluginManage:307 - Check plugin clock
2024-11-08 09:11:15,514 [INFO] PluginManage:356 - Loaded plugin clock (category:base,tabindex:2)
2024-11-08 09:11:15,514 [INFO] PluginManage:307 - Check plugin ddr
2024-11-08 09:11:15,518 [INFO] PluginManage:356 - Loaded plugin ddr (category:tool,tabindex:6)
2024-11-08 09:11:15,518 [INFO] PluginManage:307 - Check plugin filemanager
2024-11-08 09:11:15,679 [INFO] PluginManage:356 - Loaded plugin filemanager (category:base,tabindex:10)
2024-11-08 09:11:15,679 [INFO] PluginManage:307 - Check plugin ipmanager
2024-11-08 09:11:15,687 [INFO] PluginManage:356 - Loaded plugin ipmanager (category:base,tabindex:5)
2024-11-08 09:11:15,688 [INFO] PluginManage:307 - Check plugin lpbam
2024-11-08 09:11:15,698 [INFO] PluginManage:356 - Loaded plugin lpbam (category:base,tabindex:0)
2024-11-08 09:11:15,698 [INFO] PluginManage:307 - Check plugin pinoutandconfiguration
2024-11-08 09:11:15,710 [INFO] PluginManage:356 - Loaded plugin pinoutandconfiguration (category:base,tabindex:1)
2024-11-08 09:11:15,710 [INFO] PluginManage:307 - Check plugin pinoutconfig
2024-11-08 09:11:15,744 [INFO] PluginManage:356 - Loaded plugin pinoutconfig (category:base,tabindex:0)
2024-11-08 09:11:15,744 [INFO] PluginManage:307 - Check plugin power
2024-11-08 09:11:15,758 [INFO] PluginManage:356 - Loaded plugin power (category:power,tabindex:4)
2024-11-08 09:11:15,758 [INFO] PluginManage:307 - Check plugin projectmanager
2024-11-08 09:11:15,775 [INFO] PluginManage:356 - Loaded plugin projectmanager (category:projectmanager,tabindex:3)
2024-11-08 09:11:15,775 [INFO] PluginManage:307 - Check plugin thirdparty
2024-11-08 09:11:15,928 [INFO] PluginManage:356 - Loaded plugin thirdparty (category:base,tabindex:-1)
2024-11-08 09:11:15,929 [INFO] PluginManage:307 - Check plugin tools
2024-11-08 09:11:15,930 [WARN] IntegrityCheckThread:82 - waiting for thirdparty lock release [integrity check]
2024-11-08 09:11:15,931 [INFO] IntegrityCheckThread:84 - entering critical section [integrity check]
2024-11-08 09:11:15,935 [INFO] ThirdPartyUpdaterWithRetryManager:70 - Updater plugin not ready yet. [1/15]
2024-11-08 09:11:15,936 [INFO] PluginManage:356 - Loaded plugin tools (category:base,tabindex:7)
2024-11-08 09:11:15,936 [INFO] PluginManage:307 - Check plugin tutovideos
2024-11-08 09:11:16,162 [INFO] PluginManage:356 - Loaded plugin tutovideos (category:base,tabindex:-1)
2024-11-08 09:11:16,163 [INFO] PluginManage:307 - Check plugin updater
2024-11-08 09:11:16,180 [INFO] PluginManage:356 - Loaded plugin updater (category:base,tabindex:12)
2024-11-08 09:11:16,181 [INFO] PluginManage:280 - PluginManage : Loaded plugins [15]
2024-11-08 09:11:16,460 [INFO] PinOutPanel:1477 - setPackage(No Configuration,No Configuration)
2024-11-08 09:11:16,531 [INFO] CADModel:164 - CPN selected for project level
2024-11-08 09:11:16,531 [INFO] CADModel:113 - Register for checkConnection events
2024-11-08 09:11:16,551 [INFO] IPUIPlugin:79 - create IPUIPlugin
2024-11-08 09:11:16,551 [INFO] PluginManager:219 - loadIPPluginJar : add adc
2024-11-08 09:11:16,554 [INFO] IPUIPlugin:79 - create IPUIPlugin
2024-11-08 09:11:16,555 [INFO] PluginManager:219 - loadIPPluginJar : add aes
2024-11-08 09:11:16,558 [INFO] IPUIPlugin:79 - create IPUIPlugin
2024-11-08 09:11:16,558 [INFO] PluginManager:219 - loadIPPluginJar : add can
2024-11-08 09:11:16,560 [INFO] IPUIPlugin:79 - create IPUIPlugin
2024-11-08 09:11:16,560 [INFO] PluginManager:219 - loadIPPluginJar : add comp
2024-11-08 09:11:16,563 [INFO] IPUIPlugin:79 - create IPUIPlugin
2024-11-08 09:11:16,564 [INFO] PluginManager:219 - loadIPPluginJar : add cryp
2024-11-08 09:11:16,567 [INFO] IPUIPlugin:79 - create IPUIPlugin
2024-11-08 09:11:16,567 [INFO] PluginManager:219 - loadIPPluginJar : add dfsdm
2024-11-08 09:11:16,573 [INFO] IPUIPlugin:79 - create IPUIPlugin
2024-11-08 09:11:16,574 [INFO] PluginManager:219 - loadIPPluginJar : add dma
2024-11-08 09:11:16,577 [INFO] IPUIPlugin:79 - create IPUIPlugin
2024-11-08 09:11:16,577 [INFO] PluginManager:219 - loadIPPluginJar : add dma3
2024-11-08 09:11:16,579 [INFO] IPUIPlugin:79 - create IPUIPlugin
2024-11-08 09:11:16,579 [INFO] PluginManager:219 - loadIPPluginJar : add fatfs
2024-11-08 09:11:16,585 [INFO] IPUIPlugin:79 - create IPUIPlugin
2024-11-08 09:11:16,585 [INFO] PluginManager:219 - loadIPPluginJar : add fmc
2024-11-08 09:11:16,612 [INFO] IPUIPlugin:79 - create IPUIPlugin
2024-11-08 09:11:16,613 [INFO] PluginManager:219 - loadIPPluginJar : add freertos
2024-11-08 09:11:16,615 [INFO] IPUIPlugin:79 - create IPUIPlugin
2024-11-08 09:11:16,615 [INFO] PluginManager:219 - loadIPPluginJar : add genericplugin
2024-11-08 09:11:16,619 [INFO] IPUIPlugin:79 - create IPUIPlugin
2024-11-08 09:11:16,619 [INFO] PluginManager:219 - loadIPPluginJar : add gfxmmu
2024-11-08 09:11:16,626 [INFO] IPUIPlugin:79 - create IPUIPlugin
2024-11-08 09:11:16,626 [INFO] PluginManager:219 - loadIPPluginJar : add gic
2024-11-08 09:11:16,631 [INFO] IPUIPlugin:79 - create IPUIPlugin
2024-11-08 09:11:16,632 [INFO] PluginManager:219 - loadIPPluginJar : add gpio
2024-11-08 09:11:16,636 [INFO] IPUIPlugin:79 - create IPUIPlugin
2024-11-08 09:11:16,636 [INFO] PluginManager:219 - loadIPPluginJar : add gtzc
2024-11-08 09:11:16,639 [INFO] IPUIPlugin:79 - create IPUIPlugin
2024-11-08 09:11:16,640 [INFO] PluginManager:219 - loadIPPluginJar : add hash
2024-11-08 09:11:16,644 [INFO] IPUIPlugin:79 - create IPUIPlugin
2024-11-08 09:11:16,644 [INFO] PluginManager:219 - loadIPPluginJar : add i2c
2024-11-08 09:11:16,647 [INFO] IPUIPlugin:79 - create IPUIPlugin
2024-11-08 09:11:16,648 [INFO] PluginManager:219 - loadIPPluginJar : add i2s
2024-11-08 09:11:16,652 [INFO] IPUIPlugin:79 - create IPUIPlugin
2024-11-08 09:11:16,652 [INFO] PluginManager:219 - loadIPPluginJar : add ipddr
2024-11-08 09:11:16,661 [INFO] IPUIPlugin:79 - create IPUIPlugin
2024-11-08 09:11:16,661 [INFO] PluginManager:219 - loadIPPluginJar : add linkedlist
2024-11-08 09:11:16,664 [INFO] IPUIPlugin:79 - create IPUIPlugin
2024-11-08 09:11:16,665 [INFO] PluginManager:219 - loadIPPluginJar : add lorawan
2024-11-08 09:11:16,667 [INFO] IPUIPlugin:79 - create IPUIPlugin
2024-11-08 09:11:16,667 [INFO] PluginManager:219 - loadIPPluginJar : add ltdc
2024-11-08 09:11:16,675 [INFO] IPUIPlugin:79 - create IPUIPlugin
2024-11-08 09:11:16,675 [INFO] PluginManager:219 - loadIPPluginJar : add mdma
2024-11-08 09:11:16,680 [INFO] IPUIPlugin:79 - create IPUIPlugin
2024-11-08 09:11:16,680 [INFO] PluginManager:219 - loadIPPluginJar : add nvic
2024-11-08 09:11:16,683 [INFO] IPUIPlugin:79 - create IPUIPlugin
2024-11-08 09:11:16,684 [INFO] PluginManager:219 - loadIPPluginJar : add opamp
2024-11-08 09:11:16,688 [INFO] IPUIPlugin:79 - create IPUIPlugin
2024-11-08 09:11:16,688 [INFO] PluginManager:219 - loadIPPluginJar : add openamp
2024-11-08 09:11:16,692 [INFO] IPUIPlugin:79 - create IPUIPlugin
2024-11-08 09:11:16,693 [INFO] PluginManager:219 - loadIPPluginJar : add pdm2pcm
2024-11-08 09:11:16,700 [INFO] IPUIPlugin:79 - create IPUIPlugin
2024-11-08 09:11:16,704 [INFO] PluginManager:219 - loadIPPluginJar : add plateformsettings
2024-11-08 09:11:16,706 [INFO] IPUIPlugin:79 - create IPUIPlugin
2024-11-08 09:11:16,706 [INFO] PluginManager:219 - loadIPPluginJar : add quadspi
2024-11-08 09:11:16,712 [INFO] IPUIPlugin:79 - create IPUIPlugin
2024-11-08 09:11:16,712 [INFO] PluginManager:219 - loadIPPluginJar : add resmgrutility
2024-11-08 09:11:16,716 [INFO] IPUIPlugin:79 - create IPUIPlugin
2024-11-08 09:11:16,716 [INFO] PluginManager:219 - loadIPPluginJar : add sai
2024-11-08 09:11:16,719 [INFO] IPUIPlugin:79 - create IPUIPlugin
2024-11-08 09:11:16,720 [INFO] PluginManager:219 - loadIPPluginJar : add spi
2024-11-08 09:11:16,725 [INFO] IPUIPlugin:79 - create IPUIPlugin
2024-11-08 09:11:16,725 [INFO] PluginManager:219 - loadIPPluginJar : add stm32_wpan
2024-11-08 09:11:16,728 [INFO] IPUIPlugin:79 - create IPUIPlugin
2024-11-08 09:11:16,728 [INFO] PluginManager:219 - loadIPPluginJar : add tim
2024-11-08 09:11:16,732 [INFO] IPUIPlugin:79 - create IPUIPlugin
2024-11-08 09:11:16,732 [INFO] PluginManager:219 - loadIPPluginJar : add touchsensing
2024-11-08 09:11:16,735 [INFO] IPUIPlugin:79 - create IPUIPlugin
2024-11-08 09:11:16,735 [INFO] PluginManager:219 - loadIPPluginJar : add tracer_emb
2024-11-08 09:11:16,739 [INFO] IPUIPlugin:79 - create IPUIPlugin
2024-11-08 09:11:16,739 [INFO] PluginManager:219 - loadIPPluginJar : add ts
2024-11-08 09:11:16,741 [INFO] IPUIPlugin:79 - create IPUIPlugin
2024-11-08 09:11:16,741 [INFO] PluginManager:219 - loadIPPluginJar : add tsc
2024-11-08 09:11:16,743 [INFO] IPUIPlugin:79 - create IPUIPlugin
2024-11-08 09:11:16,744 [INFO] PluginManager:219 - loadIPPluginJar : add ucpd
2024-11-08 09:11:16,747 [INFO] IPUIPlugin:79 - create IPUIPlugin
2024-11-08 09:11:16,747 [INFO] PluginManager:219 - loadIPPluginJar : add usart
2024-11-08 09:11:16,752 [INFO] IPUIPlugin:79 - create IPUIPlugin
2024-11-08 09:11:16,752 [INFO] PluginManager:219 - loadIPPluginJar : add usbx
2024-11-08 09:11:16,886 [INFO] CADModel:164 - CPN selected for project level
2024-11-08 09:11:16,887 [INFO] CADModel:113 - Register for checkConnection events
2024-11-08 09:11:16,887 [FATAL] Updater:308 - Updater called before beeing initialized
2024-11-08 09:11:16,887 [ERROR] CADModel:124 - Updater not yet initialized, retry later 
2024-11-08 09:11:17,082 [INFO] CADModel:164 - CPN selected for project level
2024-11-08 09:11:17,082 [INFO] CADModel:113 - Register for checkConnection events
2024-11-08 09:11:17,082 [FATAL] Updater:308 - Updater called before beeing initialized
2024-11-08 09:11:17,082 [ERROR] CADModel:124 - Updater not yet initialized, retry later 
2024-11-08 09:11:17,085 [FATAL] Updater:308 - Updater called before beeing initialized
2024-11-08 09:11:17,206 [FATAL] Updater:308 - Updater called before beeing initialized
2024-11-08 09:11:17,214 [INFO] DbMcusAds:52 - JSON generation date=Fri Sep 20 15:04:38 CEST 2024 (1726837478367)
2024-11-08 09:11:17,214 [FATAL] Updater:308 - Updater called before beeing initialized
2024-11-08 09:11:17,260 [WARN] DetailPanel:344 - Failed to get advertising image, set to default
2024-11-08 09:11:17,393 [FATAL] Updater:308 - Updater called before beeing initialized
2024-11-08 09:11:17,395 [FATAL] Updater:308 - Updater called before beeing initialized
2024-11-08 09:11:17,396 [FATAL] Updater:308 - Updater called before beeing initialized
2024-11-08 09:11:17,396 [WARN] DetailPanel:344 - Failed to get advertising image, set to default
2024-11-08 09:11:17,397 [FATAL] Updater:308 - Updater called before beeing initialized
2024-11-08 09:11:17,448 [ERROR] Updater:1120 - MainUpdater not yet initialized. External WinMGr cannot be set.
2024-11-08 09:11:17,451 [INFO] Updater:1056 - Updater Version found : 6.7.0
2024-11-08 09:11:17,469 [INFO] ApplicationProperties:181 - Using Application install path: C:\ST\STM32CubeIDE_1.11.0\STM32CubeIDE\plugins\com.st.stm32cube.common.mx_6.7.0.202211181646
2024-11-08 09:11:17,744 [INFO] MainUpdater:2800 - connection check result : 10
2024-11-08 09:11:17,745 [INFO] MainUpdater:282 - Updater Check For Update Now.
2024-11-08 09:11:17,745 [INFO] MicroXplorer:481 - Change Database Version : DB.6.0.70
2024-11-08 09:11:17,923 [INFO] CheckServerUpdateThread:119 - End of CheckServer Thread
2024-11-08 09:11:17,959 [INFO] MainUpdater:2800 - connection check result : 10
2024-11-08 09:11:18,269 [INFO] ApiDb:580 - Connected to CubeFinder SQLite database (C:\Users\Igor\.stmcufinder\plugins\mcufinder\mcu\cube-finder-db.db)
2024-11-08 09:11:18,400 [INFO] ApiDb:667 - CubeFinder database Data Model version=2.1
2024-11-08 09:11:18,400 [INFO] ApiDb:668 - CubeFinder database Configuration version=3.0.39
2024-11-08 09:11:18,401 [INFO] ApiDb:669 - CubeFinder database generation date=2024-10-15 (1729006872)
2024-11-08 09:11:18,401 [INFO] ApiDb:670 - CubeFinder database FW Pack versions=[FP-ATR-ASTRA1_V2.0.0, FP-SNS-FLIGHT1_V5.0.2, FP-SNS-MOTENV1_V5.0.0, FP-SNS-MOTENVWB1_V1.4.0, FP-SNS-SMARTAG2_V1.2.0, FP-SNS-STBOX1_V2.0.0, STM32Cube_FW_C0_V1.2.0, STM32Cube_FW_F4_V1.28.1, STM32Cube_FW_F7_V1.17.2, STM32Cube_FW_G0_V1.6.2, STM32Cube_FW_G4_V1.6.0, STM32Cube_FW_H5_V1.3.0, STM32Cube_FW_H7RS_V1.1.0, STM32Cube_FW_H7_V1.11.2, STM32Cube_FW_L0_V1.12.2, STM32Cube_FW_L5_V1.5.1, STM32Cube_FW_U0_V1.1.0, STM32Cube_FW_U5_V1.6.0, STM32Cube_FW_WB0_V1.0.0, STM32Cube_FW_WBA_V1.4.1, STM32Cube_FW_WB_V1.20.0, STM32Cube_FW_WL_V1.3.0, X-CUBE-ALGOBUILD_V1.4.0, X-CUBE-ALS_V1.0.2, X-CUBE-AZRTOS-F4_V1.1.0, X-CUBE-AZRTOS-F7_V1.1.0, X-CUBE-AZRTOS-G0_V1.1.0, X-CUBE-AZRTOS-G4_V2.0.0, X-CUBE-AZRTOS-H7RS_V1.0.0, X-CUBE-AZRTOS-H7_V3.3.0, X-CUBE-AZRTOS-L4_V2.0.0, X-CUBE-AZRTOS-L5_V2.0.0, X-CUBE-AZRTOS-WB_V2.0.0, X-CUBE-AZRTOS-WL_V2.0.0, X-CUBE-BLE1_V7.0.0, X-CUBE-BLE2_V3.3.0, X-CUBE-BLEMGR_V3.1.0, X-CUBE-EEPRMA1_V5.1.0, X-CUBE-FREERTOS_V1.2.0, X-CUBE-GNSS1_V6.0.0, X-CUBE-MEMS1_V11.0.0, X-CUBE-NFC4_V3.0.0, X-CUBE-NFC7_V1.0.1, X-CUBE-SFXS2LP1_V4.0.0, X-CUBE-SUBG2_V5.0.0, X-CUBE-TOF1_V3.4.2]
2024-11-08 09:11:19,214 [WARN] PackLoader:242 - Cannot read IP mode file for STMicroelectronics.FP-SNS-MOTENVWB1.1.4.0
2024-11-08 09:11:19,233 [WARN] PackLoader:242 - Cannot read IP mode file for STMicroelectronics.X-CUBE-SMBUS.2.1.0
2024-11-08 09:11:19,244 [WARN] PackLoader:242 - Cannot read IP mode file for STMicroelectronics.X-CUBE-WB05N.1.1.0
2024-11-08 09:11:19,250 [WARN] PackLoader:242 - Cannot read IP mode file for STMicroelectronics.X-CUBE-TOUCHGFX.4.23.2
2024-11-08 09:11:19,328 [WARN] PackLoader:242 - Cannot read IP mode file for STMicroelectronics.X-CUBE-AZRTOS-F7.1.1.0
2024-11-08 09:11:19,400 [WARN] PackLoader:242 - Cannot read IP mode file for STMicroelectronics.X-CUBE-MEMS1.11.0.0
2024-11-08 09:11:19,624 [WARN] PackLoader:242 - Cannot read IP mode file for STMicroelectronics.FP-SNS-FLIGHT1.5.0.2
2024-11-08 09:11:19,631 [WARN] PackLoader:242 - Cannot read IP mode file for STMicroelectronics.X-CUBE-DISPLAY.3.0.0
2024-11-08 09:11:19,640 [WARN] PackLoader:242 - Cannot read IP mode file for STMicroelectronics.X-CUBE-BLE1.7.0.0
2024-11-08 09:11:19,647 [WARN] PackLoader:242 - Cannot read IP mode file for STMicroelectronics.X-CUBE-NFC10.1.0.0
2024-11-08 09:11:19,656 [WARN] PackLoader:242 - Cannot read IP mode file for emotas.I-CUBE-CANOPEN.1.3.0
2024-11-08 09:11:19,664 [WARN] PackLoader:242 - Cannot read IP mode file for STMicroelectronics.X-CUBE-BLEMGR.3.1.0
2024-11-08 09:11:19,672 [WARN] PackLoader:242 - Cannot read IP mode file for STMicroelectronics.FP-SNS-SMARTAG2.1.2.0
2024-11-08 09:11:19,736 [INFO] LogOutputStream:76 - [STDOUT_REDIRECT] 1 : Invalid condition id : UX_CORESTACK_Condition cause : null
2024-11-08 09:11:19,787 [INFO] LogOutputStream:76 - [STDOUT_REDIRECT] 1 : Invalid condition id : UX_CORESTACK_Condition cause : null
2024-11-08 09:11:19,794 [INFO] LogOutputStream:76 - [STDOUT_REDIRECT] 1 : Invalid condition id : UX_CORESTACK_Condition cause : null
2024-11-08 09:11:19,800 [INFO] LogOutputStream:76 - [STDOUT_REDIRECT] 1 : Invalid condition id : UX_CORESTACK_Condition cause : null
2024-11-08 09:11:19,805 [INFO] LogOutputStream:76 - [STDOUT_REDIRECT] 1 : Invalid condition id : UX_CORESTACK_Condition cause : null
2024-11-08 09:11:19,812 [WARN] PackLoader:242 - Cannot read IP mode file for STMicroelectronics.X-CUBE-AZRTOS-WL.2.0.0
2024-11-08 09:11:19,822 [WARN] PackLoader:242 - Cannot read IP mode file for STMicroelectronics.FP-SNS-MOTENV1.5.0.0
2024-11-08 09:11:19,830 [WARN] PackLoader:242 - Cannot read IP mode file for wolfSSL.I-CUBE-wolfMQTT.1.19.0
2024-11-08 09:11:19,856 [WARN] PackLoader:242 - Cannot read IP mode file for WES.I-CUBE-Cesium.1.3.0
2024-11-08 09:11:19,867 [WARN] PackLoader:242 - Cannot read IP mode file for STMicroelectronics.X-CUBE-BLE2.3.3.0
2024-11-08 09:11:19,916 [WARN] PackLoader:242 - Cannot read IP mode file for STMicroelectronics.X-CUBE-NFC9.1.0.0
2024-11-08 09:11:19,923 [WARN] PackLoader:242 - Cannot read IP mode file for STMicroelectronics.X-CUBE-TCPP.4.1.0
2024-11-08 09:11:19,943 [WARN] PackLoader:242 - Cannot read IP mode file for STMicroelectronics.X-CUBE-AZRTOS-G0.1.1.0
2024-11-08 09:11:19,950 [WARN] PackLoader:242 - Cannot read IP mode file for STMicroelectronics.X-CUBE-SAFEA1.1.2.2
2024-11-08 09:11:19,957 [WARN] PackLoader:242 - Cannot read IP mode file for STMicroelectronics.X-CUBE-NFC4.3.0.0
2024-11-08 09:11:19,961 [ERROR] Engine:467 - C:\Users\Igor\.stm32cubemx\thirdparties\pdsc\EmbeddedOffice.I-CUBE-FS-RTOS.1.0.1.pdsc: PDSC version is not supported
2024-11-08 09:11:19,963 [ERROR] Engine:467 - C:\Users\Igor\.stm32cubemx\thirdparties\pdsc\RealThread.X-CUBE-RT-Thread_Nano.4.1.1.pdsc: PDSC version is not supported
2024-11-08 09:11:19,969 [WARN] PackLoader:242 - Cannot read IP mode file for wolfSSL.I-CUBE-wolfSSL.5.7.0
2024-11-08 09:11:20,132 [WARN] PackLoader:242 - Cannot read IP mode file for STMicroelectronics.FP-ATR-SIGFOX1.3.2.0
2024-11-08 09:11:20,137 [WARN] PackLoader:242 - Cannot read IP mode file for wolfSSL.I-CUBE-wolfSSL.5.7.2
2024-11-08 09:11:20,199 [WARN] PackLoader:242 - Cannot read IP mode file for STMicroelectronics.X-CUBE-EEPRMA1.5.1.0
2024-11-08 09:11:20,208 [WARN] PackLoader:242 - Cannot read IP mode file for ITTIA_DB.I-CUBE-ITTIADB.8.9.0
2024-11-08 09:11:20,237 [WARN] PackLoader:242 - Cannot read IP mode file for SEGGER.I-CUBE-embOS.1.3.1
2024-11-08 09:11:20,304 [WARN] PackLoader:242 - Cannot read IP mode file for STMicroelectronics.X-CUBE-ALGOBUILD.1.4.0
2024-11-08 09:11:20,309 [WARN] PackLoader:242 - Cannot read IP mode file for STMicroelectronics.X-CUBE-AI.9.1.0
2024-11-08 09:11:20,317 [WARN] PackLoader:242 - Cannot read IP mode file for STMicroelectronics.X-CUBE-GNSS1.6.0.0
2024-11-08 09:11:20,333 [WARN] PackLoader:242 - Cannot read IP mode file for STMicroelectronics.X-CUBE-AZRTOS-F4.1.1.0
2024-11-08 09:11:20,339 [WARN] PackLoader:242 - Cannot read IP mode file for STMicroelectronics.X-CUBE-ISPU.2.1.0
2024-11-08 09:11:20,346 [WARN] PackLoader:242 - Cannot read IP mode file for STMicroelectronics.X-CUBE-FREERTOS.1.2.0
2024-11-08 09:11:20,363 [WARN] PackLoader:242 - Cannot read IP mode file for STMicroelectronics.X-CUBE-AZRTOS-L5.2.0.0
2024-11-08 09:11:20,373 [WARN] PackLoader:242 - Cannot read IP mode file for STMicroelectronics.X-CUBE-NFC6.3.1.0
2024-11-08 09:11:20,377 [ERROR] Engine:467 - C:\Users\Igor\.stm32cubemx\thirdparties\pdsc\STMicroelectronics.X-CUBE-DPower.1.2.0.pdsc: PDSC version is not supported
2024-11-08 09:11:20,380 [WARN] PackLoader:242 - Cannot read IP mode file for STMicroelectronics.X-CUBE-AI.9.0.0
2024-11-08 09:11:20,385 [WARN] PackLoader:242 - Cannot read IP mode file for STMicroelectronics.X-CUBE-NFC7.1.0.1
2024-11-08 09:11:20,389 [WARN] PackLoader:242 - Cannot read IP mode file for wolfSSL.I-CUBE-wolfTPM.3.2.0
2024-11-08 09:11:20,405 [WARN] ConditionMgr:437 - getConditionDescription Invalid condition id : LAN8742 Phy interface Condition cause : null
2024-11-08 09:11:20,406 [WARN] PackLoader:242 - Cannot read IP mode file for STMicroelectronics.X-CUBE-AZRTOS-L4.2.0.0
2024-11-08 09:11:20,407 [WARN] ConditionMgr:1038 - genDependencies : Invalid condition id : LAN8742 Phy interface Condition cause : null
2024-11-08 09:11:20,407 [WARN] ConditionMgr:1038 - genDependencies : Invalid condition id : LAN8742 Phy interface Condition cause : null
2024-11-08 09:11:20,408 [WARN] ConditionMgr:1038 - genDependencies : Invalid condition id : LAN8742 Phy interface Condition cause : null
2024-11-08 09:11:20,415 [WARN] PackLoader:242 - Cannot read IP mode file for STMicroelectronics.X-CUBE-SFXS2LP1.4.0.0
2024-11-08 09:11:20,434 [WARN] PackLoader:242 - Cannot read IP mode file for STMicroelectronics.X-CUBE-AZRTOS-H7.3.3.0
2024-11-08 09:11:20,440 [ERROR] Engine:467 - C:\Users\Igor\.stm32cubemx\thirdparties\pdsc\STMicroelectronics.X-CUBE-IPS.3.0.0.pdsc: PDSC version is not supported
2024-11-08 09:11:20,458 [WARN] ConditionMgr:437 - getConditionDescription Invalid condition id : UX DEVICE CLASS RTOS Condition cause : null
2024-11-08 09:11:20,458 [WARN] ConditionMgr:437 - getConditionDescription Invalid condition id : UX DEVICE CLASS RTOS Condition cause : null
2024-11-08 09:11:20,461 [WARN] PackLoader:242 - Cannot read IP mode file for STMicroelectronics.X-CUBE-AZRTOS-WB.2.0.0
2024-11-08 09:11:20,462 [WARN] ConditionMgr:1038 - genDependencies : Invalid condition id : UX DEVICE CLASS RTOS Condition cause : null
2024-11-08 09:11:20,462 [WARN] ConditionMgr:1038 - genDependencies : Invalid condition id : UX DEVICE CLASS RTOS Condition cause : null
2024-11-08 09:11:20,463 [WARN] ConditionMgr:1038 - genDependencies : Invalid condition id : UX DEVICE CLASS RTOS Condition cause : null
2024-11-08 09:11:20,463 [WARN] ConditionMgr:1038 - genDependencies : Invalid condition id : UX DEVICE CLASS RTOS Condition cause : null
2024-11-08 09:11:20,463 [WARN] ConditionMgr:1038 - genDependencies : Invalid condition id : UX DEVICE CLASS RTOS Condition cause : null
2024-11-08 09:11:20,470 [WARN] PackLoader:242 - Cannot read IP mode file for STMicroelectronics.X-CUBE-GNSS1.7.0.0
2024-11-08 09:11:20,474 [ERROR] Engine:467 - C:\Users\Igor\.stm32cubemx\thirdparties\pdsc\STMicroelectronics.FP-SNS-STBOX1.2.0.0.pdsc: PDSC version is not supported
2024-11-08 09:11:20,481 [WARN] PackLoader:242 - Cannot read IP mode file for STMicroelectronics.X-CUBE-SUBG2.5.0.0
2024-11-08 09:11:20,489 [WARN] PackLoader:242 - Cannot read IP mode file for Cesanta.I-CUBE-Mongoose.7.13.0
2024-11-08 09:11:20,501 [WARN] PackLoader:242 - Cannot read IP mode file for STMicroelectronics.X-CUBE-AZRTOS-G4.2.0.0
2024-11-08 09:11:20,506 [WARN] PackLoader:242 - Cannot read IP mode file for STMicroelectronics.X-CUBE-ISPU.2.0.0
2024-11-08 09:11:20,511 [WARN] PackLoader:242 - Cannot read IP mode file for STMicroelectronics.X-CUBE-ALS.1.0.2
2024-11-08 09:11:20,543 [WARN] PackLoader:242 - Cannot read IP mode file for STMicroelectronics.X-CUBE-MEMS1.10.0.0
2024-11-08 09:11:20,653 [WARN] PackLoader:242 - Cannot read IP mode file for STMicroelectronics.X-CUBE-TOUCHGFX.4.24.0
2024-11-08 09:11:20,658 [WARN] PackLoader:242 - Cannot read IP mode file for STMicroelectronics.X-CUBE-TOUCHGFX.4.24.1
2024-11-08 09:11:20,661 [WARN] PackLoader:242 - Cannot read IP mode file for wolfSSL.I-CUBE-wolfTPM.3.4.0
2024-11-08 09:11:20,667 [WARN] PackLoader:242 - Cannot read IP mode file for portGmbH.I-Cube-SoM-uGOAL.1.1.0
2024-11-08 09:11:20,683 [WARN] PackLoader:242 - Cannot read IP mode file for STMicroelectronics.X-CUBE-AZRTOS-H7RS.1.0.0
2024-11-08 09:11:20,688 [WARN] PackLoader:242 - Cannot read IP mode file for STMicroelectronics.FP-ATR-ASTRA1.2.0.0
2024-11-08 09:11:20,693 [ERROR] Engine:467 - C:\Users\Igor\.stm32cubemx\thirdparties\pdsc\STMicroelectronics.X-CUBE-TOF1.3.4.2.pdsc: PDSC version is not supported
2024-11-08 09:11:20,698 [ERROR] Engine:467 - C:\Users\Igor\.stm32cubemx\thirdparties\pdsc\Infineon.AIROC-Wi-Fi-Bluetooth-STM32.1.6.1.pdsc: PDSC version is not supported
2024-11-08 09:11:20,706 [WARN] PackLoader:242 - Cannot read IP mode file for STMicroelectronics.X-CUBE-TOF1.3.4.1
2024-11-08 09:11:20,730 [WARN] PackLoader:242 - Cannot read IP mode file for STMicroelectronics.X-CUBE-AZRTOS-H7.3.2.0
2024-11-08 09:11:20,744 [WARN] PackLoader:242 - Cannot read IP mode file for Infineon.AIROC-Wi-Fi-Bluetooth-STM32.1.6.0
2024-11-08 09:11:20,750 [WARN] PackLoader:242 - Cannot read IP mode file for wolfSSL.I-CUBE-wolfSSH.1.4.17
2024-11-08 09:11:20,750 [INFO] ThirdParty:947 - Integrity check success = true
2024-11-08 09:11:20,751 [INFO] IntegrityCheckThread:98 - exiting critical section [integrity check]
2024-11-08 09:11:20,751 [INFO] IntegrityCheckThread:101 - End integrity checks thread
2024-11-08 09:11:22,572 [INFO] ApiDb:239 - Found 143 in-development CPN: [B-WB1M-WPAN1, B-WL5M-SUBG1, NUCLEO-C031C6, STEVAL-PROTEUS1, STEVAL-STWINBX1, STM320518-EVAL, STM32C0116-DK, STM32C011D6Y3TR, STM32C011D6Y6TR, STM32C011F4P3, STM32C011F4P6, STM32C011F4U3, STM32C011F4U6TR, STM32C011F6P3, STM32C011F6P6, STM32C011F6U3, STM32C011F6U6TR, STM32C011J4M3, STM32C011J4M6, STM32C011J6M3, STM32C011J6M6, STM32C0316-DK, STM32C031C4T3, STM32C031C4T6, STM32C031C4U3, STM32C031C4U6, STM32C031C6T3, STM32C031C6T6, STM32C031C6U3, STM32C031C6U6, STM32C031F4P3, STM32C031F4P6, STM32C031F6P3, STM32C031F6P6, STM32C031G4U3, STM32C031G4U6, STM32C031G6U3, STM32C031G6U6, STM32C031K4T3, STM32C031K4T6, STM32C031K4U3, STM32C031K4U6, STM32C031K6T3, STM32C031K6T6, STM32C031K6U3, STM32C031K6U6, STM32G071K8TXN, STM32G071K8UXN, STM32G081GBU6N, STM32G081KBT6N, STM32G081KBUXN, STM32G0B1CCT6N, STM32G0B1KCT6, STM32G0B1NEY6TR, STM32G0B1RCT6N, STM32G0C1CCT6, STM32G0C1CCT6N, STM32G0C1CCU6N, STM32G0C1CET6N, STM32G0C1CEU6N, STM32G0C1KCT6, STM32G0C1NEY6TR, STM32G0C1RCI6N, STM32G0C1RCT6N, STM32G0C1REI6N, STM32G0C1RET6N, STM32G0C1VCI6, STM32G0C1VEI6, STM32G471CCT6, STM32G471CCU6, STM32G471CET3, STM32G471CET6, STM32G471CEU3, STM32G471CEU6, STM32G471MCT6, STM32G471MET3, STM32G471MET6, STM32G471MEY6TR, STM32G471QCT6, STM32G471QET3, STM32G471RCT6, STM32G471RET3, STM32G471RET6, STM32G471VCH6, STM32G471VCI6, STM32G471VCT6, STM32G471VEH3, STM32G471VEH6, STM32G471VEI3, STM32G471VEI6, STM32G471VET3, STM32G471VET6, STM32G474CCT6, STM32L476VGY6PTR, STM32L4R5QGI6STR, STM32MP131AAE3, STM32MP131AAF3, STM32MP131AAG3, STM32MP131CAE3, STM32MP131CAF3, STM32MP131CAG3, STM32MP131DAE7, STM32MP131DAF7, STM32MP131DAG7, STM32MP131FAE7, STM32MP131FAF7, STM32MP131FAG7, STM32MP133AAE3, STM32MP133AAF3, STM32MP133AAG3, STM32MP133CAE3, STM32MP133CAF3, STM32MP133CAG3, STM32MP133DAE7, STM32MP133DAF7, STM32MP133DAG7, STM32MP133FAE7, STM32MP133FAF7, STM32MP133FAG7, STM32MP135AAE3, STM32MP135AAF3, STM32MP135AAG3, STM32MP135CAE3, STM32MP135CAF3, STM32MP135CAG3, STM32MP135DAE7, STM32MP135DAF7, STM32MP135DAG7, STM32MP135F-DK, STM32MP135FAE7, STM32MP135FAF7, STM32MP135FAF7T, STM32MP135FAF7U, STM32MP135FAG7, STM32U595ZJT6Q, STM32U599BJY6QTR, STM32U599NIH6Q, STM32U599NJH6Q, STM32U5A5ZJT6Q, STM32U5A9BJY6QTR, STM32U5A9NJH6Q, STM32WB1MMCH6, STM32WL5MOCH6TR]
2024-11-08 09:11:22,578 [INFO] DbMcus:215 - Found 4178 MCUs, 4178 are supported
2024-11-08 09:11:22,581 [INFO] ApiDb:422 - Load user favorites file C:\Users\Igor/.stm32cubeide/favorites.mcus.txt: 0 item(s)
2024-11-08 09:11:22,582 [INFO] ApiDb:426 - User favorites MCUs=[]
2024-11-08 09:11:22,582 [INFO] DbMcus:221 - Set 0 / 0 favorites MCUs
2024-11-08 09:11:22,939 [INFO] McuFinderGlobals:65 - Set McuFinderConnectedMode to true
2024-11-08 09:11:22,968 [INFO] MultiScanPanel:196 - Auto-refresh data requested => check proxy status ongoing
2024-11-08 09:11:22,971 [INFO] FinderPluginLoader:92 - Searching for filters in installed packs
2024-11-08 09:11:24,319 [INFO] LoadUrlFilesThread:179 - End of LoadServerUrlFiles without Thread
2024-11-08 09:11:24,407 [INFO] DetailPanel:339 - Set advertising image to C:/Users/Igor/STM32Cube/Repository/\en.prom-stm32c071-usb-memories-mcu-finder.png
2024-11-08 09:11:25,262 [INFO] ApiDb:667 - CubeFinder database Data Model version=2.1
2024-11-08 09:11:25,262 [INFO] ApiDb:668 - CubeFinder database Configuration version=3.0.39
2024-11-08 09:11:25,263 [INFO] ApiDb:669 - CubeFinder database generation date=2024-10-15 (1729006872)
2024-11-08 09:11:25,263 [INFO] ApiDb:670 - CubeFinder database FW Pack versions=[FP-ATR-ASTRA1_V2.0.0, FP-SNS-FLIGHT1_V5.0.2, FP-SNS-MOTENV1_V5.0.0, FP-SNS-MOTENVWB1_V1.4.0, FP-SNS-SMARTAG2_V1.2.0, FP-SNS-STBOX1_V2.0.0, STM32Cube_FW_C0_V1.2.0, STM32Cube_FW_F4_V1.28.1, STM32Cube_FW_F7_V1.17.2, STM32Cube_FW_G0_V1.6.2, STM32Cube_FW_G4_V1.6.0, STM32Cube_FW_H5_V1.3.0, STM32Cube_FW_H7RS_V1.1.0, STM32Cube_FW_H7_V1.11.2, STM32Cube_FW_L0_V1.12.2, STM32Cube_FW_L5_V1.5.1, STM32Cube_FW_U0_V1.1.0, STM32Cube_FW_U5_V1.6.0, STM32Cube_FW_WB0_V1.0.0, STM32Cube_FW_WBA_V1.4.1, STM32Cube_FW_WB_V1.20.0, STM32Cube_FW_WL_V1.3.0, X-CUBE-ALGOBUILD_V1.4.0, X-CUBE-ALS_V1.0.2, X-CUBE-AZRTOS-F4_V1.1.0, X-CUBE-AZRTOS-F7_V1.1.0, X-CUBE-AZRTOS-G0_V1.1.0, X-CUBE-AZRTOS-G4_V2.0.0, X-CUBE-AZRTOS-H7RS_V1.0.0, X-CUBE-AZRTOS-H7_V3.3.0, X-CUBE-AZRTOS-L4_V2.0.0, X-CUBE-AZRTOS-L5_V2.0.0, X-CUBE-AZRTOS-WB_V2.0.0, X-CUBE-AZRTOS-WL_V2.0.0, X-CUBE-BLE1_V7.0.0, X-CUBE-BLE2_V3.3.0, X-CUBE-BLEMGR_V3.1.0, X-CUBE-EEPRMA1_V5.1.0, X-CUBE-FREERTOS_V1.2.0, X-CUBE-GNSS1_V6.0.0, X-CUBE-MEMS1_V11.0.0, X-CUBE-NFC4_V3.0.0, X-CUBE-NFC7_V1.0.1, X-CUBE-SFXS2LP1_V4.0.0, X-CUBE-SUBG2_V5.0.0, X-CUBE-TOF1_V3.4.2]
2024-11-08 09:11:25,365 [INFO] DbBoardsSqlite:225 - include board P-NUCLEO-WB55-NUCLEO as a kit item of type 'Nucleo-64'
2024-11-08 09:11:25,366 [INFO] DbBoardsSqlite:225 - include board P-NUCLEO-WB55-USBDONGLE as a kit item of type 'Nucleo USB Dongle'
2024-11-08 09:11:25,366 [INFO] DbBoardsSqlite:225 - include board STEVAL-IDP005V1 as a kit item of type 'Evaluation Board'
2024-11-08 09:11:25,367 [INFO] DbBoardsSqlite:225 - include board STEVAL-IDP005V2 as a kit item of type 'Evaluation Board'
2024-11-08 09:11:25,448 [INFO] ApiDb:239 - Found 143 in-development CPN: [B-WB1M-WPAN1, B-WL5M-SUBG1, NUCLEO-C031C6, STEVAL-PROTEUS1, STEVAL-STWINBX1, STM320518-EVAL, STM32C0116-DK, STM32C011D6Y3TR, STM32C011D6Y6TR, STM32C011F4P3, STM32C011F4P6, STM32C011F4U3, STM32C011F4U6TR, STM32C011F6P3, STM32C011F6P6, STM32C011F6U3, STM32C011F6U6TR, STM32C011J4M3, STM32C011J4M6, STM32C011J6M3, STM32C011J6M6, STM32C0316-DK, STM32C031C4T3, STM32C031C4T6, STM32C031C4U3, STM32C031C4U6, STM32C031C6T3, STM32C031C6T6, STM32C031C6U3, STM32C031C6U6, STM32C031F4P3, STM32C031F4P6, STM32C031F6P3, STM32C031F6P6, STM32C031G4U3, STM32C031G4U6, STM32C031G6U3, STM32C031G6U6, STM32C031K4T3, STM32C031K4T6, STM32C031K4U3, STM32C031K4U6, STM32C031K6T3, STM32C031K6T6, STM32C031K6U3, STM32C031K6U6, STM32G071K8TXN, STM32G071K8UXN, STM32G081GBU6N, STM32G081KBT6N, STM32G081KBUXN, STM32G0B1CCT6N, STM32G0B1KCT6, STM32G0B1NEY6TR, STM32G0B1RCT6N, STM32G0C1CCT6, STM32G0C1CCT6N, STM32G0C1CCU6N, STM32G0C1CET6N, STM32G0C1CEU6N, STM32G0C1KCT6, STM32G0C1NEY6TR, STM32G0C1RCI6N, STM32G0C1RCT6N, STM32G0C1REI6N, STM32G0C1RET6N, STM32G0C1VCI6, STM32G0C1VEI6, STM32G471CCT6, STM32G471CCU6, STM32G471CET3, STM32G471CET6, STM32G471CEU3, STM32G471CEU6, STM32G471MCT6, STM32G471MET3, STM32G471MET6, STM32G471MEY6TR, STM32G471QCT6, STM32G471QET3, STM32G471RCT6, STM32G471RET3, STM32G471RET6, STM32G471VCH6, STM32G471VCI6, STM32G471VCT6, STM32G471VEH3, STM32G471VEH6, STM32G471VEI3, STM32G471VEI6, STM32G471VET3, STM32G471VET6, STM32G474CCT6, STM32L476VGY6PTR, STM32L4R5QGI6STR, STM32MP131AAE3, STM32MP131AAF3, STM32MP131AAG3, STM32MP131CAE3, STM32MP131CAF3, STM32MP131CAG3, STM32MP131DAE7, STM32MP131DAF7, STM32MP131DAG7, STM32MP131FAE7, STM32MP131FAF7, STM32MP131FAG7, STM32MP133AAE3, STM32MP133AAF3, STM32MP133AAG3, STM32MP133CAE3, STM32MP133CAF3, STM32MP133CAG3, STM32MP133DAE7, STM32MP133DAF7, STM32MP133DAG7, STM32MP133FAE7, STM32MP133FAF7, STM32MP133FAG7, STM32MP135AAE3, STM32MP135AAF3, STM32MP135AAG3, STM32MP135CAE3, STM32MP135CAF3, STM32MP135CAG3, STM32MP135DAE7, STM32MP135DAF7, STM32MP135DAG7, STM32MP135F-DK, STM32MP135FAE7, STM32MP135FAF7, STM32MP135FAF7T, STM32MP135FAF7U, STM32MP135FAG7, STM32U595ZJT6Q, STM32U599BJY6QTR, STM32U599NIH6Q, STM32U599NJH6Q, STM32U5A5ZJT6Q, STM32U5A9BJY6QTR, STM32U5A9NJH6Q, STM32WB1MMCH6, STM32WL5MOCH6TR]
2024-11-08 09:11:25,469 [INFO] BoardInfo:879 - No configuration file found for board B-G473E-ZEST1S
2024-11-08 09:11:25,469 [INFO] DbBoards:156 - Board is not supported: B-G473E-ZEST1S
2024-11-08 09:11:25,496 [INFO] BoardInfo:879 - No configuration file found for board NUCLEO-C071RB
2024-11-08 09:11:25,496 [INFO] DbBoards:156 - Board is not supported: NUCLEO-C071RB
2024-11-08 09:11:25,549 [INFO] BoardInfo:879 - No configuration file found for board NUCLEO-H503RB
2024-11-08 09:11:25,550 [INFO] DbBoards:156 - Board is not supported: NUCLEO-H503RB
2024-11-08 09:11:25,551 [INFO] BoardInfo:879 - No configuration file found for board NUCLEO-H533RE
2024-11-08 09:11:25,551 [INFO] DbBoards:156 - Board is not supported: NUCLEO-H533RE
2024-11-08 09:11:25,553 [INFO] BoardInfo:879 - No configuration file found for board NUCLEO-H563ZI
2024-11-08 09:11:25,553 [INFO] DbBoards:156 - Board is not supported: NUCLEO-H563ZI
2024-11-08 09:11:25,563 [INFO] BoardInfo:879 - No configuration file found for board NUCLEO-H7S3L8
2024-11-08 09:11:25,563 [INFO] DbBoards:156 - Board is not supported: NUCLEO-H7S3L8
2024-11-08 09:11:25,590 [INFO] BoardInfo:879 - No configuration file found for board NUCLEO-U031R8
2024-11-08 09:11:25,590 [INFO] DbBoards:156 - Board is not supported: NUCLEO-U031R8
2024-11-08 09:11:25,591 [INFO] BoardInfo:879 - No configuration file found for board NUCLEO-U083RC
2024-11-08 09:11:25,592 [INFO] DbBoards:156 - Board is not supported: NUCLEO-U083RC
2024-11-08 09:11:25,593 [INFO] BoardInfo:879 - No configuration file found for board NUCLEO-U545RE-Q
2024-11-08 09:11:25,593 [INFO] DbBoards:156 - Board is not supported: NUCLEO-U545RE-Q
2024-11-08 09:11:25,596 [INFO] BoardInfo:879 - No configuration file found for board NUCLEO-U5A5ZJ-Q
2024-11-08 09:11:25,596 [INFO] DbBoards:156 - Board is not supported: NUCLEO-U5A5ZJ-Q
2024-11-08 09:11:25,597 [INFO] BoardInfo:879 - No configuration file found for board NUCLEO-WB05KZ
2024-11-08 09:11:25,597 [INFO] DbBoards:156 - Board is not supported: NUCLEO-WB05KZ
2024-11-08 09:11:25,599 [INFO] BoardInfo:879 - No configuration file found for board NUCLEO-WB07CC
2024-11-08 09:11:25,599 [INFO] DbBoards:156 - Board is not supported: NUCLEO-WB07CC
2024-11-08 09:11:25,600 [INFO] BoardInfo:879 - No configuration file found for board NUCLEO-WB09KE
2024-11-08 09:11:25,600 [INFO] DbBoards:156 - Board is not supported: NUCLEO-WB09KE
2024-11-08 09:11:25,610 [INFO] BoardInfo:879 - No configuration file found for board NUCLEO-WBA52CG
2024-11-08 09:11:25,610 [INFO] DbBoards:156 - Board is not supported: NUCLEO-WBA52CG
2024-11-08 09:11:25,611 [INFO] BoardInfo:879 - No configuration file found for board NUCLEO-WBA55CG
2024-11-08 09:11:25,611 [INFO] DbBoards:156 - Board is not supported: NUCLEO-WBA55CG
2024-11-08 09:11:25,618 [INFO] BoardInfo:879 - No configuration file found for board P-NUCLEO-WB55
2024-11-08 09:11:25,618 [INFO] DbBoards:156 - Kit is not supported: P-NUCLEO-WB55
2024-11-08 09:11:25,624 [INFO] BoardInfo:879 - No configuration file found for board STEVAL-BFA001V1B
2024-11-08 09:11:25,624 [INFO] DbBoards:156 - Kit is not supported: STEVAL-BFA001V1B
2024-11-08 09:11:25,625 [INFO] BoardInfo:879 - No configuration file found for board STEVAL-BFA001V2B
2024-11-08 09:11:25,625 [INFO] DbBoards:156 - Kit is not supported: STEVAL-BFA001V2B
2024-11-08 09:11:25,630 [INFO] BoardInfo:879 - No configuration file found for board STEVAL-MKBOXPRO
2024-11-08 09:11:25,630 [INFO] DbBoards:156 - Board is not supported: STEVAL-MKBOXPRO
2024-11-08 09:11:25,634 [INFO] BoardInfo:879 - No configuration file found for board STEVAL-SMARTAG2
2024-11-08 09:11:25,634 [INFO] DbBoards:156 - Board is not supported: STEVAL-SMARTAG2
2024-11-08 09:11:25,710 [INFO] BoardInfo:879 - No configuration file found for board STM32H573I-DK
2024-11-08 09:11:25,710 [INFO] DbBoards:156 - Board is not supported: STM32H573I-DK
2024-11-08 09:11:25,738 [INFO] BoardInfo:879 - No configuration file found for board STM32H7S78-DK
2024-11-08 09:11:25,738 [INFO] DbBoards:156 - Board is not supported: STM32H7S78-DK
2024-11-08 09:11:25,770 [INFO] BoardInfo:879 - No configuration file found for board STM32MP257F-DK
2024-11-08 09:11:25,770 [INFO] DbBoards:156 - Board is not supported: STM32MP257F-DK
2024-11-08 09:11:25,772 [INFO] BoardInfo:879 - No configuration file found for board STM32MP257F-EV1
2024-11-08 09:11:25,772 [INFO] DbBoards:156 - Board is not supported: STM32MP257F-EV1
2024-11-08 09:11:25,774 [INFO] BoardInfo:879 - No configuration file found for board STM32U083C-DK
2024-11-08 09:11:25,774 [INFO] DbBoards:156 - Board is not supported: STM32U083C-DK
2024-11-08 09:11:25,778 [INFO] BoardInfo:879 - No configuration file found for board STM32U5A9J-DK
2024-11-08 09:11:25,778 [INFO] DbBoards:156 - Board is not supported: STM32U5A9J-DK
2024-11-08 09:11:25,780 [INFO] BoardInfo:879 - No configuration file found for board STM32U5G9J-DK1
2024-11-08 09:11:25,780 [INFO] DbBoards:156 - Board is not supported: STM32U5G9J-DK1
2024-11-08 09:11:25,782 [INFO] BoardInfo:879 - No configuration file found for board STM32U5G9J-DK2
2024-11-08 09:11:25,782 [INFO] DbBoards:156 - Board is not supported: STM32U5G9J-DK2
2024-11-08 09:11:25,788 [INFO] BoardInfo:879 - No configuration file found for board STM32WBA55G-DK1
2024-11-08 09:11:25,788 [INFO] DbBoards:156 - Board is not supported: STM32WBA55G-DK1
2024-11-08 09:11:25,788 [INFO] DbBoards:160 - Found 201 boards, 172 are supported
2024-11-08 09:11:25,793 [INFO] ApiDb:422 - Load user favorites file C:\Users\Igor/.stm32cubeide/favorites.boards.txt: 0 item(s)
2024-11-08 09:11:25,793 [INFO] ApiDb:426 - User favorites Boards=[]
2024-11-08 09:11:25,793 [INFO] DbBoards:189 - Set 0 / 0 favorites Boards
2024-11-08 09:12:10,385 [INFO] MainUpdater:2800 - connection check result : 10
2024-11-08 09:12:10,385 [INFO] MainUpdater:2800 - connection check result : 10
2024-11-08 09:12:10,415 [INFO] MicroXplorer:451 - Change Database Path : 
2024-11-08 09:12:10,415 [INFO] MicroXplorer:481 - Change Database Version : DB.6.0.70
2024-11-08 09:12:10,419 [WARN] ThirdParty:845 - waiting for thirdparty lock release [close project]
2024-11-08 09:12:10,419 [INFO] ThirdParty:847 - entering critical section [close project]
2024-11-08 09:12:10,420 [INFO] ThirdParty:857 - exiting critical section [close project]
2024-11-08 09:12:10,445 [INFO] PinOutPanel:1477 - setPackage(No Configuration,No Configuration)
2024-11-08 09:12:10,462 [INFO] UtilMem:74 - Begin LoadConfig() Used Memory: 276079912 Bytes (486539264)
2024-11-08 09:12:10,463 [INFO] MicroXplorer:451 - Change Database Path : 
2024-11-08 09:12:10,464 [INFO] MicroXplorer:481 - Change Database Version : DB.6.0.70
2024-11-08 09:12:10,464 [INFO] OpenFileManager:307 - Change cursor
2024-11-08 09:12:10,528 [INFO] Mcu:1925 - Initializing MCU STM32F411C(C-E)Ux STM32F411CEUx STM32F411CEU6
2024-11-08 09:12:12,162 [INFO] Context:654 - Trying to add GPIOservice into a context  which must be forbidden
2024-11-08 09:12:12,721 [INFO] RtosManager:489 - Registered RTOS mode: class=CMSIS, group=RTOS, mode=CMSIS_V1, owner=FREERTOS
2024-11-08 09:12:12,721 [INFO] RtosManager:489 - Registered RTOS mode: class=CMSIS, group=RTOS2, mode=CMSIS_V2, owner=FREERTOS
2024-11-08 09:12:12,721 [INFO] RtosManager:489 - Registered RTOS mode: class=RTOS, group=Core, mode=CMSIS_V1, owner=FREERTOS
2024-11-08 09:12:12,721 [INFO] RtosManager:489 - Registered RTOS mode: class=RTOS, group=Core, mode=CMSIS_V2, owner=FREERTOS
2024-11-08 09:12:12,722 [WARN] ModelIntegratedComponent:185 - Missing modes for component STMicroelectronics:FreeRTOS:0.0.1:STMicroelectronics:RTOS:FreeRTOS:Core:::10.2.0:
2024-11-08 09:12:12,727 [WARN] ModelIntegratedComponent:183 - Modes not found for component STMicroelectronics:USB_HOST:1.0.0:STMicroelectronics:USB::USB Host:Audio HS::1.0:USB_HOST_1_0_RESTRICTED_HS
2024-11-08 09:12:12,727 [WARN] ModelIntegratedComponent:189 - Modes not found for component STMicroelectronics:USB_HOST:1.0.0:STMicroelectronics:USB::USB Host:Audio HS::1.0:USB_HOST_1_0_RESTRICTED_HS
2024-11-08 09:12:12,727 [WARN] ModelIntegratedComponent:183 - Modes not found for component STMicroelectronics:USB_HOST:1.0.0:STMicroelectronics:USB::USB Host:CDC HS::1.0:USB_HOST_1_0_RESTRICTED_HS
2024-11-08 09:12:12,728 [WARN] ModelIntegratedComponent:189 - Modes not found for component STMicroelectronics:USB_HOST:1.0.0:STMicroelectronics:USB::USB Host:CDC HS::1.0:USB_HOST_1_0_RESTRICTED_HS
2024-11-08 09:12:12,728 [WARN] ModelIntegratedComponent:183 - Modes not found for component STMicroelectronics:USB_HOST:1.0.0:STMicroelectronics:USB::USB Host:MSC HS::1.0:USB_HOST_1_0_RESTRICTED_HS
2024-11-08 09:12:12,728 [WARN] ModelIntegratedComponent:189 - Modes not found for component STMicroelectronics:USB_HOST:1.0.0:STMicroelectronics:USB::USB Host:MSC HS::1.0:USB_HOST_1_0_RESTRICTED_HS
2024-11-08 09:12:12,728 [WARN] ModelIntegratedComponent:183 - Modes not found for component STMicroelectronics:USB_HOST:1.0.0:STMicroelectronics:USB::USB Host:HID HS::1.0:USB_HOST_1_0_RESTRICTED_HS
2024-11-08 09:12:12,728 [WARN] ModelIntegratedComponent:189 - Modes not found for component STMicroelectronics:USB_HOST:1.0.0:STMicroelectronics:USB::USB Host:HID HS::1.0:USB_HOST_1_0_RESTRICTED_HS
2024-11-08 09:12:12,728 [WARN] ModelIntegratedComponent:183 - Modes not found for component STMicroelectronics:USB_HOST:1.0.0:STMicroelectronics:USB::USB Host:MTP HS::1.0:USB_HOST_1_0_RESTRICTED_HS
2024-11-08 09:12:12,728 [WARN] ModelIntegratedComponent:189 - Modes not found for component STMicroelectronics:USB_HOST:1.0.0:STMicroelectronics:USB::USB Host:MTP HS::1.0:USB_HOST_1_0_RESTRICTED_HS
2024-11-08 09:12:12,735 [WARN] ModelIntegratedComponent:64 - No mode defined for component null
2024-11-08 09:12:12,736 [WARN] ModelIntegratedComponent:64 - No mode defined for component null
2024-11-08 09:12:12,736 [WARN] ModelIntegratedComponent:64 - No mode defined for component null
2024-11-08 09:12:12,736 [WARN] ModelIntegratedComponent:64 - No mode defined for component null
2024-11-08 09:12:12,736 [WARN] ModelIntegratedComponent:64 - No mode defined for component null
2024-11-08 09:12:12,736 [WARN] ModelIntegratedComponent:64 - No mode defined for component null
2024-11-08 09:12:12,736 [WARN] ModelIntegratedComponent:64 - No mode defined for component null
2024-11-08 09:12:12,736 [WARN] ModelIntegratedComponent:64 - No mode defined for component null
2024-11-08 09:12:12,736 [WARN] ModelIntegratedComponent:64 - No mode defined for component null
2024-11-08 09:12:12,736 [WARN] ModelIntegratedComponent:64 - No mode defined for component null
2024-11-08 09:12:12,736 [WARN] ModelIntegratedComponent:64 - No mode defined for component null
2024-11-08 09:12:12,737 [WARN] ModelIntegratedComponent:64 - No mode defined for component null
2024-11-08 09:12:12,737 [WARN] ModelIntegratedComponent:64 - No mode defined for component null
2024-11-08 09:12:12,737 [WARN] ModelIntegratedComponent:64 - No mode defined for component null
2024-11-08 09:12:12,737 [WARN] ModelIntegratedComponent:64 - No mode defined for component null
2024-11-08 09:12:12,737 [WARN] ModelIntegratedComponent:64 - No mode defined for component null
2024-11-08 09:12:12,737 [WARN] ModelIntegratedComponent:64 - No mode defined for component null
2024-11-08 09:12:12,737 [WARN] ModelIntegratedComponent:64 - No mode defined for component null
2024-11-08 09:12:12,737 [WARN] ModelIntegratedComponent:64 - No mode defined for component null
2024-11-08 09:12:12,737 [WARN] ModelIntegratedComponent:64 - No mode defined for component null
2024-11-08 09:12:12,737 [WARN] ModelIntegratedComponent:64 - No mode defined for component null
2024-11-08 09:12:12,737 [WARN] ModelIntegratedComponent:64 - No mode defined for component null
2024-11-08 09:12:12,737 [WARN] ModelIntegratedComponent:64 - No mode defined for component null
2024-11-08 09:12:12,738 [WARN] ModelIntegratedComponent:64 - No mode defined for component null
2024-11-08 09:12:12,738 [WARN] ModelIntegratedComponent:64 - No mode defined for component null
2024-11-08 09:12:12,738 [WARN] ModelIntegratedComponent:64 - No mode defined for component null
2024-11-08 09:12:12,738 [WARN] ModelIntegratedComponent:64 - No mode defined for component null
2024-11-08 09:12:12,738 [WARN] ModelIntegratedComponent:64 - No mode defined for component null
2024-11-08 09:12:12,738 [WARN] ModelIntegratedComponent:64 - No mode defined for component null
2024-11-08 09:12:12,738 [WARN] ModelIntegratedComponent:64 - No mode defined for component null
2024-11-08 09:12:12,738 [WARN] ModelIntegratedComponent:64 - No mode defined for component null
2024-11-08 09:12:12,738 [WARN] ModelIntegratedComponent:64 - No mode defined for component null
2024-11-08 09:12:12,738 [WARN] ModelIntegratedComponent:64 - No mode defined for component null
2024-11-08 09:12:12,820 [WARN] ModelIntegratedComponent:183 - Modes not found for component STMicroelectronics:USB_DEVICE:1.0.0:STMicroelectronics:USB::USB Device:Audio HS::1.0:USB_DEVICE_1_0_RESTRICTED_HS
2024-11-08 09:12:12,820 [WARN] ModelIntegratedComponent:189 - Modes not found for component STMicroelectronics:USB_DEVICE:1.0.0:STMicroelectronics:USB::USB Device:Audio HS::1.0:USB_DEVICE_1_0_RESTRICTED_HS
2024-11-08 09:12:12,820 [WARN] ModelIntegratedComponent:183 - Modes not found for component STMicroelectronics:USB_DEVICE:1.0.0:STMicroelectronics:USB::USB Device:CDC HS::1.0:USB_DEVICE_1_0_RESTRICTED_HS
2024-11-08 09:12:12,820 [WARN] ModelIntegratedComponent:189 - Modes not found for component STMicroelectronics:USB_DEVICE:1.0.0:STMicroelectronics:USB::USB Device:CDC HS::1.0:USB_DEVICE_1_0_RESTRICTED_HS
2024-11-08 09:12:12,820 [WARN] ModelIntegratedComponent:183 - Modes not found for component STMicroelectronics:USB_DEVICE:1.0.0:STMicroelectronics:USB::USB Device:DFU HS::1.0:USB_DEVICE_1_0_RESTRICTED_HS
2024-11-08 09:12:12,820 [WARN] ModelIntegratedComponent:189 - Modes not found for component STMicroelectronics:USB_DEVICE:1.0.0:STMicroelectronics:USB::USB Device:DFU HS::1.0:USB_DEVICE_1_0_RESTRICTED_HS
2024-11-08 09:12:12,820 [WARN] ModelIntegratedComponent:183 - Modes not found for component STMicroelectronics:USB_DEVICE:1.0.0:STMicroelectronics:USB::USB Device:HID HS::1.0:USB_DEVICE_1_0_RESTRICTED_HS
2024-11-08 09:12:12,820 [WARN] ModelIntegratedComponent:189 - Modes not found for component STMicroelectronics:USB_DEVICE:1.0.0:STMicroelectronics:USB::USB Device:HID HS::1.0:USB_DEVICE_1_0_RESTRICTED_HS
2024-11-08 09:12:12,820 [WARN] ModelIntegratedComponent:183 - Modes not found for component STMicroelectronics:USB_DEVICE:1.0.0:STMicroelectronics:USB::USB Device:Custom HID HS::1.0:USB_DEVICE_1_0_RESTRICTED_HS
2024-11-08 09:12:12,820 [WARN] ModelIntegratedComponent:189 - Modes not found for component STMicroelectronics:USB_DEVICE:1.0.0:STMicroelectronics:USB::USB Device:Custom HID HS::1.0:USB_DEVICE_1_0_RESTRICTED_HS
2024-11-08 09:12:12,820 [WARN] ModelIntegratedComponent:183 - Modes not found for component STMicroelectronics:USB_DEVICE:1.0.0:STMicroelectronics:USB::USB Device:MSC HS::1.0:USB_DEVICE_1_0_RESTRICTED_HS
2024-11-08 09:12:12,821 [WARN] ModelIntegratedComponent:189 - Modes not found for component STMicroelectronics:USB_DEVICE:1.0.0:STMicroelectronics:USB::USB Device:MSC HS::1.0:USB_DEVICE_1_0_RESTRICTED_HS
2024-11-08 09:12:12,849 [INFO] ThirdPartyModel:294 - Start build external matchings
2024-11-08 09:12:13,670 [INFO] ThirdPartyModel:310 - End build external matchings
2024-11-08 09:12:13,692 [INFO] ImportTextPane:193 - (OptionalMessage_ERROR) IP (RCC) : Parameter (48MHZClocksFreq_Value) has invalid value (50000000)
2024-11-08 09:12:13,693 [INFO] ImportTextPane:193 - (OptionalMessage_ERROR) IP (RCC) : Parameter (RTCHSEDivFreq_Value) has invalid value (12500000)
2024-11-08 09:12:14,021 [INFO] UtilMem:74 - End LoadConfig() Used Memory: 398105896 Bytes (541065216)
2024-11-08 09:12:14,190 [WARN] ThirdParty:807 - waiting for thirdparty lock release [change project]
2024-11-08 09:12:14,190 [INFO] ThirdParty:809 - entering critical section [change project]
2024-11-08 09:12:14,190 [INFO] ThirdParty:999 - CMSIS Pack Vendor :STMicroelectronics X-CUBE-AZRTOS-H7 3.3.0
2024-11-08 09:12:14,190 [INFO] ThirdParty:999 - CMSIS Pack Vendor :STMicroelectronics X-CUBE-NFC9 1.0.0
2024-11-08 09:12:14,190 [INFO] ThirdParty:999 - CMSIS Pack Vendor :STMicroelectronics X-CUBE-GNSS1 6.0.0
2024-11-08 09:12:14,190 [INFO] ThirdParty:999 - CMSIS Pack Vendor :STMicroelectronics USB_HOST 2.0.0
2024-11-08 09:12:14,190 [INFO] ThirdParty:999 - CMSIS Pack Vendor :STMicroelectronics FP-SNS-MOTENVWB1 1.4.0
2024-11-08 09:12:14,190 [INFO] ThirdParty:999 - CMSIS Pack Vendor :STMicroelectronics X-CUBE-AZRTOS-F4 1.1.0
2024-11-08 09:12:14,190 [INFO] ThirdParty:999 - CMSIS Pack Vendor :STMicroelectronics LIBJPEG 8.0.0
2024-11-08 09:12:14,191 [INFO] ThirdParty:999 - CMSIS Pack Vendor :STMicroelectronics X-CUBE-SMBUS 2.1.0
2024-11-08 09:12:14,191 [INFO] ThirdParty:999 - CMSIS Pack Vendor :STMicroelectronics X-CUBE-WB05N 1.1.0
2024-11-08 09:12:14,191 [INFO] ThirdParty:999 - CMSIS Pack Vendor :STMicroelectronics USB_DEVICE 3.0.0
2024-11-08 09:12:14,191 [INFO] ThirdParty:999 - CMSIS Pack Vendor :STMicroelectronics X-CUBE-TCPP 4.1.0
2024-11-08 09:12:14,191 [INFO] ThirdParty:999 - CMSIS Pack Vendor :STMicroelectronics X-CUBE-ISPU 2.1.0
2024-11-08 09:12:14,191 [INFO] ThirdParty:999 - CMSIS Pack Vendor :STMicroelectronics X-CUBE-FREERTOS 1.2.0
2024-11-08 09:12:14,191 [INFO] ThirdParty:999 - CMSIS Pack Vendor :STMicroelectronics X-CUBE-AZRTOS-WB 2.0.0
2024-11-08 09:12:14,191 [INFO] ThirdParty:999 - CMSIS Pack Vendor :STMicroelectronics X-CUBE-GNSS1 7.0.0
2024-11-08 09:12:14,191 [INFO] ThirdParty:999 - CMSIS Pack Vendor :STMicroelectronics X-CUBE-TOUCHGFX 4.23.2
2024-11-08 09:12:14,191 [INFO] ThirdParty:999 - CMSIS Pack Vendor :STMicroelectronics X-CUBE-AZRTOS-F7 1.1.0
2024-11-08 09:12:14,191 [INFO] ThirdParty:999 - CMSIS Pack Vendor :STMicroelectronics X-CUBE-AZRTOS-L5 2.0.0
2024-11-08 09:12:14,191 [INFO] ThirdParty:999 - CMSIS Pack Vendor :STMicroelectronics USB_DEVICE 2.0.0
2024-11-08 09:12:14,191 [INFO] ThirdParty:999 - CMSIS Pack Vendor :STMicroelectronics X-CUBE-NFC6 3.1.0
2024-11-08 09:12:14,191 [INFO] ThirdParty:999 - CMSIS Pack Vendor :STMicroelectronics X-CUBE-MEMS1 11.0.0
2024-11-08 09:12:14,191 [INFO] ThirdParty:999 - CMSIS Pack Vendor :STMicroelectronics FreeRTOS 0.0.1
2024-11-08 09:12:14,191 [INFO] ThirdParty:999 - CMSIS Pack Vendor :STMicroelectronics X-CUBE-AZRTOS-G0 1.1.0
2024-11-08 09:12:14,191 [INFO] ThirdParty:999 - CMSIS Pack Vendor :STMicroelectronics X-CUBE-SAFEA1 1.2.2
2024-11-08 09:12:14,191 [INFO] ThirdParty:999 - CMSIS Pack Vendor :STMicroelectronics X-CUBE-NFC4 3.0.0
2024-11-08 09:12:14,192 [INFO] ThirdParty:999 - CMSIS Pack Vendor :STMicroelectronics X-CUBE-SUBG2 5.0.0
2024-11-08 09:12:14,192 [INFO] ThirdParty:999 - CMSIS Pack Vendor :STMicroelectronics STM32_WPAN 1.0.0
2024-11-08 09:12:14,192 [INFO] ThirdParty:999 - CMSIS Pack Vendor :STMicroelectronics lwIP 2.0.3
2024-11-08 09:12:14,192 [INFO] ThirdParty:999 - CMSIS Pack Vendor :STMicroelectronics FP-SNS-FLIGHT1 5.0.2
2024-11-08 09:12:14,192 [INFO] ThirdParty:999 - CMSIS Pack Vendor :Cesanta I-CUBE-Mongoose 7.13.0
2024-11-08 09:12:14,193 [INFO] ThirdParty:999 - CMSIS Pack Vendor :STMicroelectronics USB_HOST 1.0.0
2024-11-08 09:12:14,193 [INFO] ThirdParty:999 - CMSIS Pack Vendor :STMicroelectronics X-CUBE-AI 9.0.0
2024-11-08 09:12:14,193 [INFO] ThirdParty:999 - CMSIS Pack Vendor :STMicroelectronics X-CUBE-AZRTOS-G4 2.0.0
2024-11-08 09:12:14,193 [INFO] ThirdParty:999 - CMSIS Pack Vendor :STMicroelectronics PDM2PCM 3.1.0
2024-11-08 09:12:14,193 [INFO] ThirdParty:999 - CMSIS Pack Vendor :STMicroelectronics PDM2PCM 3.3.0
2024-11-08 09:12:14,193 [INFO] ThirdParty:999 - CMSIS Pack Vendor :STMicroelectronics X-CUBE-DISPLAY 3.0.0
2024-11-08 09:12:14,194 [INFO] ThirdParty:999 - CMSIS Pack Vendor :wolfSSL I-CUBE-wolfSSL 5.7.0
2024-11-08 09:12:14,194 [INFO] ThirdParty:999 - CMSIS Pack Vendor :STMicroelectronics X-CUBE-BLE1 7.0.0
2024-11-08 09:12:14,194 [INFO] ThirdParty:999 - CMSIS Pack Vendor :STMicroelectronics FP-ATR-SIGFOX1 3.2.0
2024-11-08 09:12:14,194 [INFO] ThirdParty:999 - CMSIS Pack Vendor :STMicroelectronics X-CUBE-NFC10 1.0.0
2024-11-08 09:12:14,194 [INFO] ThirdParty:999 - CMSIS Pack Vendor :wolfSSL I-CUBE-wolfSSL 5.7.2
2024-11-08 09:12:14,194 [INFO] ThirdParty:999 - CMSIS Pack Vendor :STMicroelectronics X-CUBE-ISPU 2.0.0
2024-11-08 09:12:14,194 [INFO] ThirdParty:999 - CMSIS Pack Vendor :STMicroelectronics X-CUBE-EEPRMA1 5.1.0
2024-11-08 09:12:14,194 [INFO] ThirdParty:999 - CMSIS Pack Vendor :STMicroelectronics HAL Drivers 0.0.0
2024-11-08 09:12:14,195 [INFO] ThirdParty:999 - CMSIS Pack Vendor :STMicroelectronics MBEDTLS 2.16.2
2024-11-08 09:12:14,195 [INFO] ThirdParty:999 - CMSIS Pack Vendor :STMicroelectronics X-CUBE-ALS 1.0.2
2024-11-08 09:12:14,195 [INFO] ThirdParty:999 - CMSIS Pack Vendor :emotas I-CUBE-CANOPEN 1.3.0
2024-11-08 09:12:14,195 [INFO] ThirdParty:999 - CMSIS Pack Vendor :STMicroelectronics X-CUBE-MEMS1 10.0.0
2024-11-08 09:12:14,195 [INFO] ThirdParty:999 - CMSIS Pack Vendor :STMicroelectronics X-CUBE-NFC7 1.0.1
2024-11-08 09:12:14,195 [INFO] ThirdParty:999 - CMSIS Pack Vendor :STMicroelectronics MBEDTLS 2.14.1
2024-11-08 09:12:14,195 [INFO] ThirdParty:999 - CMSIS Pack Vendor :STMicroelectronics X-CUBE-TOUCHGFX 4.24.0
2024-11-08 09:12:14,195 [INFO] ThirdParty:999 - CMSIS Pack Vendor :ITTIA_DB I-CUBE-ITTIADB 8.9.0
2024-11-08 09:12:14,195 [INFO] ThirdParty:999 - CMSIS Pack Vendor :wolfSSL I-CUBE-wolfTPM 3.2.0
2024-11-08 09:12:14,195 [INFO] ThirdParty:999 - CMSIS Pack Vendor :STMicroelectronics X-CUBE-TOUCHGFX 4.24.1
2024-11-08 09:12:14,195 [INFO] ThirdParty:999 - CMSIS Pack Vendor :wolfSSL I-CUBE-wolfTPM 3.4.0
2024-11-08 09:12:14,195 [INFO] ThirdParty:999 - CMSIS Pack Vendor :portGmbH I-Cube-SoM-uGOAL 1.1.0
2024-11-08 09:12:14,196 [INFO] ThirdParty:999 - CMSIS Pack Vendor :STMicroelectronics X-CUBE-BLEMGR 3.1.0
2024-11-08 09:12:14,196 [INFO] ThirdParty:999 - CMSIS Pack Vendor :STMicroelectronics ThreadX 1.0.0
2024-11-08 09:12:14,196 [INFO] ThirdParty:999 - CMSIS Pack Vendor :STMicroelectronics FP-SNS-SMARTAG2 1.2.0
2024-11-08 09:12:14,196 [INFO] ThirdParty:999 - CMSIS Pack Vendor :STMicroelectronics X-CUBE-AZRTOS-WL 2.0.0
2024-11-08 09:12:14,196 [INFO] ThirdParty:999 - CMSIS Pack Vendor :SEGGER I-CUBE-embOS 1.3.1
2024-11-08 09:12:14,196 [INFO] ThirdParty:999 - CMSIS Pack Vendor :STMicroelectronics X-CUBE-ALGOBUILD 1.4.0
2024-11-08 09:12:14,196 [INFO] ThirdParty:999 - CMSIS Pack Vendor :STMicroelectronics FP-SNS-MOTENV1 5.0.0
2024-11-08 09:12:14,196 [INFO] ThirdParty:999 - CMSIS Pack Vendor :STMicroelectronics USB_DEVICE 1.0.0
2024-11-08 09:12:14,196 [INFO] ThirdParty:999 - CMSIS Pack Vendor :STMicroelectronics X-CUBE-AZRTOS-H7RS 1.0.0
2024-11-08 09:12:14,196 [INFO] ThirdParty:999 - CMSIS Pack Vendor :wolfSSL I-CUBE-wolfMQTT 1.19.0
2024-11-08 09:12:14,196 [INFO] ThirdParty:999 - CMSIS Pack Vendor :STMicroelectronics X-CUBE-AZRTOS-L4 2.0.0
2024-11-08 09:12:14,196 [INFO] ThirdParty:999 - CMSIS Pack Vendor :STMicroelectronics ThreadX 0.0.2
2024-11-08 09:12:14,196 [INFO] ThirdParty:999 - CMSIS Pack Vendor :WES I-CUBE-Cesium 1.3.0
2024-11-08 09:12:14,197 [INFO] ThirdParty:999 - CMSIS Pack Vendor :STMicroelectronics FP-ATR-ASTRA1 2.0.0
2024-11-08 09:12:14,197 [INFO] ThirdParty:999 - CMSIS Pack Vendor :STMicroelectronics lwIP 2.1.2
2024-11-08 09:12:14,197 [INFO] ThirdParty:999 - CMSIS Pack Vendor :STMicroelectronics X-CUBE-SFXS2LP1 4.0.0
2024-11-08 09:12:14,197 [INFO] ThirdParty:999 - CMSIS Pack Vendor :STMicroelectronics X-CUBE-BLE2 3.3.0
2024-11-08 09:12:14,197 [INFO] ThirdParty:999 - CMSIS Pack Vendor :STMicroelectronics X-CUBE-AI 9.1.0
2024-11-08 09:12:14,197 [INFO] ThirdParty:999 - CMSIS Pack Vendor :STMicroelectronics X-CUBE-TOF1 3.4.1
2024-11-08 09:12:14,197 [INFO] ThirdParty:999 - CMSIS Pack Vendor :STMicroelectronics X-CUBE-AZRTOS-H7 3.2.0
2024-11-08 09:12:14,197 [INFO] ThirdParty:999 - CMSIS Pack Vendor :Infineon AIROC-Wi-Fi-Bluetooth-STM32 1.6.0
2024-11-08 09:12:14,197 [INFO] ThirdParty:999 - CMSIS Pack Vendor :STMicroelectronics PDM2PCM 3.2.0
2024-11-08 09:12:14,197 [INFO] ThirdParty:999 - CMSIS Pack Vendor :wolfSSL I-CUBE-wolfSSH 1.4.17
2024-11-08 09:12:14,197 [INFO] ThirdParty:815 - exiting critical section [change project]
2024-11-08 09:12:14,554 [INFO] PinOutPanel:1477 - setPackage(No Configuration,No Configuration)
2024-11-08 09:12:14,555 [INFO] PinOutPanel:1477 - setPackage(STM32F411CEUx,UFQFPN48)
2024-11-08 09:12:15,270 [INFO] UtilMem:74 - Before build in PCC Used Memory: 260754560 Bytes (541065216)
2024-11-08 09:12:16,078 [INFO] UtilMem:74 - After build in PCC Used Memory: 237735352 Bytes (541065216)
2024-11-08 09:12:16,107 [INFO] IPUIPlugin:79 - create IPUIPlugin
2024-11-08 09:12:16,108 [INFO] IPUIPlugin:79 - create IPUIPlugin
2024-11-08 09:12:16,108 [INFO] IPUIPlugin:79 - create IPUIPlugin
2024-11-08 09:12:16,108 [INFO] IPUIPlugin:79 - create IPUIPlugin
2024-11-08 09:12:16,108 [INFO] IPUIPlugin:79 - create IPUIPlugin
2024-11-08 09:12:16,108 [INFO] IPUIPlugin:79 - create IPUIPlugin
2024-11-08 09:12:16,108 [INFO] IPUIPlugin:79 - create IPUIPlugin
2024-11-08 09:12:16,109 [INFO] IPUIPlugin:79 - create IPUIPlugin
2024-11-08 09:12:16,109 [INFO] IPUIPlugin:79 - create IPUIPlugin
2024-11-08 09:12:16,109 [INFO] IPUIPlugin:79 - create IPUIPlugin
2024-11-08 09:12:16,109 [INFO] IPUIPlugin:79 - create IPUIPlugin
2024-11-08 09:12:16,109 [INFO] IPUIPlugin:79 - create IPUIPlugin
2024-11-08 09:12:16,109 [INFO] IPUIPlugin:79 - create IPUIPlugin
2024-11-08 09:12:16,110 [INFO] IPUIPlugin:79 - create IPUIPlugin
2024-11-08 09:12:16,111 [INFO] IPUIPlugin:79 - create IPUIPlugin
2024-11-08 09:12:16,111 [INFO] IPUIPlugin:79 - create IPUIPlugin
2024-11-08 09:12:16,112 [INFO] IPUIPlugin:79 - create IPUIPlugin
2024-11-08 09:12:16,112 [INFO] IPUIPlugin:79 - create IPUIPlugin
2024-11-08 09:12:16,112 [INFO] IPUIPlugin:79 - create IPUIPlugin
2024-11-08 09:12:16,112 [INFO] IPUIPlugin:79 - create IPUIPlugin
2024-11-08 09:12:16,113 [INFO] IPUIPlugin:79 - create IPUIPlugin
2024-11-08 09:12:16,113 [INFO] IPUIPlugin:79 - create IPUIPlugin
2024-11-08 09:12:16,113 [INFO] IPUIPlugin:79 - create IPUIPlugin
2024-11-08 09:12:16,113 [INFO] IPUIPlugin:79 - create IPUIPlugin
2024-11-08 09:12:16,114 [INFO] IPUIPlugin:79 - create IPUIPlugin
2024-11-08 09:12:16,114 [INFO] IPUIPlugin:79 - create IPUIPlugin
2024-11-08 09:12:16,114 [INFO] IPUIPlugin:79 - create IPUIPlugin
2024-11-08 09:12:16,114 [INFO] IPUIPlugin:79 - create IPUIPlugin
2024-11-08 09:12:16,115 [INFO] IPUIPlugin:79 - create IPUIPlugin
2024-11-08 09:12:16,115 [INFO] IPUIPlugin:79 - create IPUIPlugin
2024-11-08 09:12:16,115 [INFO] IPUIPlugin:79 - create IPUIPlugin
2024-11-08 09:12:16,115 [INFO] IPUIPlugin:79 - create IPUIPlugin
2024-11-08 09:12:16,116 [INFO] IPUIPlugin:79 - create IPUIPlugin
2024-11-08 09:12:16,116 [INFO] IPUIPlugin:79 - create IPUIPlugin
2024-11-08 09:12:16,117 [INFO] IPUIPlugin:79 - create IPUIPlugin
2024-11-08 09:12:16,117 [INFO] IPUIPlugin:79 - create IPUIPlugin
2024-11-08 09:12:16,117 [INFO] IPUIPlugin:79 - create IPUIPlugin
2024-11-08 09:12:16,127 [INFO] IPUIPlugin:79 - create IPUIPlugin
2024-11-08 09:12:16,127 [INFO] IPUIPlugin:79 - create IPUIPlugin
2024-11-08 09:12:16,128 [INFO] IPUIPlugin:79 - create IPUIPlugin
2024-11-08 09:12:16,128 [INFO] IPUIPlugin:79 - create IPUIPlugin
2024-11-08 09:12:16,129 [INFO] IPUIPlugin:79 - create IPUIPlugin
2024-11-08 09:12:16,129 [INFO] IPUIPlugin:79 - create IPUIPlugin
2024-11-08 09:12:16,181 [INFO] ApiDbMcu:505 - Load IP Config File for PDM2PCM
2024-11-08 09:12:16,421 [INFO] CADModel:164 - CPN selected for project levelSTM32F411CEU6
2024-11-08 09:12:16,421 [INFO] CADModel:113 - Register for checkConnection events
2024-11-08 09:12:16,467 [INFO] OpenFileManager:327 - Restore cursor
2024-11-08 09:12:17,202 [INFO] UtilMem:74 - End SaveConfig() Used Memory: 233846096 Bytes (541065216)
2024-11-08 09:12:17,272 [INFO] UtilMem:74 - End SaveConfig() Used Memory: 248526160 Bytes (541065216)
2024-11-08 09:12:17,701 [INFO] BlockDiagram:2759 - set Specific Code input for plugin: SPI
2024-11-08 09:12:17,701 [INFO] BlockDiagram:2759 - set Specific Code input for plugin: NVIC
2024-11-08 09:12:17,701 [INFO] BlockDiagram:2759 - set Specific Code input for plugin: USART
2024-11-08 09:12:17,701 [INFO] BlockDiagram:2759 - set Specific Code input for plugin: TIM1_8
2024-11-08 09:12:17,702 [INFO] BlockDiagram:2759 - set Specific Code input for plugin: TIM1_8
2024-11-08 09:12:17,702 [INFO] BlockDiagram:2759 - set Specific Code input for plugin: TIM1_8
2024-11-08 09:12:17,702 [INFO] BlockDiagram:2759 - set Specific Code input for plugin: SYS
2024-11-08 09:12:17,702 [INFO] BlockDiagram:2759 - set Specific Code input for plugin: GPIO
2024-11-08 09:12:17,702 [INFO] BlockDiagram:2759 - set Specific Code input for plugin: RCC
2024-11-08 09:12:17,702 [INFO] BlockDiagram:2759 - set Specific Code input for plugin: CRC
2024-11-08 09:12:17,704 [INFO] CodeGenerator:692 - code generatio: config db path: C:\ST\STM32CubeIDE_1.11.0\STM32CubeIDE\plugins\com.st.stm32cube.common.mx_6.7.0.202211181646\\db\
2024-11-08 09:12:18,033 [INFO] CodeEngine:247 - oldGeneratedFile, C:\Users\Igor\Desktop\Green_wave_deviceB\Device_B\MXTmpFiles\license.tmp_save
2024-11-08 09:12:18,394 [INFO] CodeEngine:271 - Generated code: C:\Users\Igor\Desktop\Green_wave_deviceB\Device_B\MXTmpFiles\license.tmp
2024-11-08 09:12:18,452 [INFO] CodeEngine:247 - oldGeneratedFile, C:\Users\Igor\Desktop\Green_wave_deviceB\Device_B\MXTmpFiles\gpio.tmp_save
2024-11-08 09:12:18,623 [INFO] CodeEngine:271 - Generated code: C:\Users\Igor\Desktop\Green_wave_deviceB\Device_B\MXTmpFiles\gpio.tmp
2024-11-08 09:12:18,874 [INFO] CodeEngine:247 - oldGeneratedFile, C:\Users\Igor\Desktop\Green_wave_deviceB\Device_B\Core\Src\stm32f4xx_it.c_save
2024-11-08 09:12:18,992 [INFO] CodeEngine:271 - Generated code: C:\Users\Igor\Desktop\Green_wave_deviceB\Device_B\Core\Src\stm32f4xx_it.c
2024-11-08 09:12:18,998 [INFO] CodeEngine:247 - oldGeneratedFile, C:\Users\Igor\Desktop\Green_wave_deviceB\Device_B\Core\Inc\stm32f4xx_it.h_save
2024-11-08 09:12:19,077 [INFO] CodeEngine:271 - Generated code: C:\Users\Igor\Desktop\Green_wave_deviceB\Device_B\Core\Inc\stm32f4xx_it.h
2024-11-08 09:12:19,100 [INFO] CodeEngine:247 - oldGeneratedFile, C:\Users\Igor\Desktop\Green_wave_deviceB\Device_B\Core\Src\stm32f4xx_hal_msp.c_save
2024-11-08 09:12:19,247 [INFO] CodeEngine:271 - Generated code: C:\Users\Igor\Desktop\Green_wave_deviceB\Device_B\Core\Src\stm32f4xx_hal_msp.c
2024-11-08 09:12:19,250 [INFO] CodeEngine:247 - oldGeneratedFile, C:\Users\Igor\Desktop\Green_wave_deviceB\Device_B\MXTmpFiles\system.tmp_save
2024-11-08 09:12:19,327 [INFO] CodeEngine:271 - Generated code: C:\Users\Igor\Desktop\Green_wave_deviceB\Device_B\MXTmpFiles\system.tmp
2024-11-08 09:12:19,339 [INFO] CodeEngine:303 - oldGeneratedFile, C:\Users\Igor\Desktop\Green_wave_deviceB\Device_B\Core\Inc\stm32f4xx_hal_conf.h_save
2024-11-08 09:12:19,579 [INFO] CodeEngine:327 - Generated code: C:\Users\Igor\Desktop\Green_wave_deviceB\Device_B\Core\Inc\stm32f4xx_hal_conf.h
2024-11-08 09:12:19,628 [WARN] IPConfigManager:3414 - IP not found : TIM
2024-11-08 09:12:19,630 [WARN] CodeGenerator:3583 - IP not found : null
2024-11-08 09:12:19,636 [INFO] CodeEngine:247 - oldGeneratedFile, C:\Users\Igor\Desktop\Green_wave_deviceB\Device_B\Core\Inc\main.h_save
2024-11-08 09:12:19,769 [INFO] CodeEngine:271 - Generated code: C:\Users\Igor\Desktop\Green_wave_deviceB\Device_B\Core\Inc\main.h
2024-11-08 09:12:19,801 [INFO] CodeEngine:247 - oldGeneratedFile, C:\Users\Igor\Desktop\Green_wave_deviceB\Device_B\Core\Src\main.c_save
2024-11-08 09:12:20,000 [INFO] CodeEngine:271 - Generated code: C:\Users\Igor\Desktop\Green_wave_deviceB\Device_B\Core\Src\main.c
2024-11-08 09:12:20,858 [INFO] ProjectBuilder:2919 - Time for Copy HAL[1] : 251mS.
2024-11-08 09:12:20,874 [INFO] ProjectBuilder:4183 - Project Generator version: 3.18.0-B7
2024-11-08 09:12:21,312 [INFO] ConfigFileManager:1396 - The Die is : DIE431
2024-11-08 09:12:21,347 [INFO] ApiDbMcu:505 - Load IP Config File for FATFS
2024-11-08 09:12:21,353 [INFO] ApiDbMcu:505 - Load IP Config File for FREERTOS
2024-11-08 09:12:21,356 [INFO] ApiDbMcu:505 - Load IP Config File for LIBJPEG
2024-11-08 09:12:21,363 [INFO] ApiDbMcu:505 - Load IP Config File for MBEDTLS
2024-11-08 09:12:21,393 [INFO] ApiDbMcu:505 - Load IP Config File for USB_DEVICE
2024-11-08 09:12:21,401 [INFO] ApiDbMcu:505 - Load IP Config File for USB_HOST
2024-11-08 09:12:24,983 [INFO] ProjectBuilder:4351 - Time for Generating toolchain IDE Files: 4108mS.
2024-11-08 09:12:24,984 [INFO] ProjectBuilder:2790 - Time for Copy CMSIS : 1mS.
2024-11-08 09:12:24,990 [INFO] ProjectBuilder:2790 - Time for Copy CMSIS : 0mS.
2024-11-08 09:12:25,303 [INFO] McuFinderGlobals:65 - Set McuFinderConnectedMode to true
2024-11-08 09:12:25,305 [INFO] ApiDb:447 - Save user favorites file C:\Users\Igor/.stm32cubeide/favorites.mcus.txt: 0 item(s)
2024-11-08 09:12:25,306 [INFO] ApiDb:451 - User favorites MCUs=[]
2024-11-15 16:13:48,061 [INFO] Activator:179 - 


2024-11-15 16:13:48,062 [INFO] Activator:180 - !SESSION log4j initialized
